[2026-05-27 23:44:37] Google 连通性正常。
[2026-05-27 23:44:57] Google 连通性正常。
[2026-05-27 23:50:28] Google 连通性正常。
[2026-05-27 23:56:28] Google 连通性正常。
[2026-05-28 00:02:28] Google 连通性正常。
[2026-05-28 00:08:28] Google 连通性正常。
[2026-05-28 00:14:28] Google 连通性正常。
[2026-05-28 00:19:44] Google 连通性正常。
[2026-05-28 00:25:10] Google 连通性正常。
[2026-05-28 00:30:24] Google 连通性正常。
[2026-05-28 00:35:24] Google 连通性正常。
[2026-05-28 00:40:28] Google 连通性正常。
[2026-05-28 00:46:24] Google 连通性正常。
[2026-05-28 00:51:28] Google 连通性正常。
[2026-05-28 00:57:28] Google 连通性正常。
[2026-05-28 01:03:28] Google 连通性正常。
[2026-05-28 01:09:28] Google 连通性正常。
[2026-05-28 01:16:23] Google 连通性正常。
[2026-05-28 01:22:23] Google 连通性正常。
[2026-05-28 01:27:54] Google 连通性正常。
[2026-05-28 01:33:23] Google 连通性正常。
[2026-05-28 01:38:24] Google 连通性正常。
[2026-05-28 01:44:23] Google 连通性正常。
[2026-05-28 01:49:23] Google 连通性正常。
[2026-05-28 01:54:24] Google 连通性正常。
[2026-05-28 02:00:03] Google 连通性正常。
[2026-05-28 02:05:23] Google 连通性正常。
[2026-05-28 02:10:24] Google 连通性正常。
[2026-05-28 02:16:19] Google 连通性正常。
[2026-05-28 02:21:23] Google 连通性正常。
[2026-05-28 02:26:24] Google 连通性正常。
[2026-05-28 02:31:35] Google 连通性正常。
[2026-05-28 02:37:23] Google 连通性正常。
[2026-05-28 02:42:24] Google 连通性正常。
[2026-05-28 02:48:03] Google 连通性正常。
[2026-05-28 02:53:23] Google 连通性正常。
[2026-05-28 02:58:24] Google 连通性正常。
[2026-05-28 03:03:47] Google 连通性正常。
[2026-05-28 03:09:01] Google 连通性正常。
[2026-05-28 03:14:23] Google 连通性正常。
[2026-05-28 03:19:23] Google 连通性正常。
[2026-05-28 03:24:24] Google 连通性正常。
[2026-05-28 03:29:36] Google 连通性正常。
[2026-05-28 03:34:52] Google 连通性正常。
[2026-05-28 03:38:08] Google 连通性正常。
[2026-05-28 03:43:25] Google 连通性正常。
[2026-05-28 03:48:35] Google 连通性正常。
[2026-05-28 03:54:24] Google 连通性正常。
[2026-05-28 03:59:24] Google 连通性正常。
[2026-05-28 04:04:35] Google 连通性正常。
[2026-05-28 04:09:56] Google 连通性失败。
[2026-05-28 04:09:56] 回退触发：Google 不可达
[2026-05-28 04:09:56] 关闭透明代理...
[2026-05-28 04:15:45] Google 连通性失败。
[2026-05-28 04:15:45] 透明代理未启用，无需操作。
[2026-05-28 04:21:45] Google 连通性失败。
[2026-05-28 04:21:45] 透明代理未启用，无需操作。
[2026-05-28 04:27:45] Google 连通性失败。
[2026-05-28 04:27:45] 透明代理未启用，无需操作。
[2026-05-28 04:33:45] Google 连通性失败。
[2026-05-28 04:33:45] 透明代理未启用，无需操作。
[2026-05-28 04:39:45] Google 连通性失败。
[2026-05-28 04:39:45] 透明代理未启用，无需操作。
[2026-05-28 04:45:45] Google 连通性失败。
[2026-05-28 04:45:45] 透明代理未启用，无需操作。
[2026-05-28 04:51:45] Google 连通性失败。
[2026-05-28 04:51:45] 透明代理未启用，无需操作。
[2026-05-28 04:57:45] Google 连通性失败。
[2026-05-28 04:57:45] 透明代理未启用，无需操作。
[2026-05-28 05:03:35] 未配置代理节点，跳过透明代理。
[2026-05-28 05:09:35] 未配置代理节点，跳过透明代理。
[2026-05-28 05:15:35] 未配置代理节点，跳过透明代理。
[2026-05-28 05:21:35] 未配置代理节点，跳过透明代理。
[2026-05-28 05:27:35] 未配置代理节点，跳过透明代理。
[2026-05-28 05:33:35] 未配置代理节点，跳过透明代理。
[2026-05-28 05:39:35] 未配置代理节点，跳过透明代理。
[2026-05-28 05:45:35] 未配置代理节点，跳过透明代理。
[2026-05-28 05:51:35] 未配置代理节点，跳过透明代理。
[2026-05-28 05:57:35] 未配置代理节点，跳过透明代理。
[2026-05-28 06:01:08] 未配置代理节点，跳过透明代理。
[2026-05-28 06:06:24] 未配置代理节点，跳过透明代理。
[2026-05-28 06:12:08] 未配置代理节点，跳过透明代理。
[2026-05-28 06:18:08] 未配置代理节点，跳过透明代理。
[2026-05-28 06:24:08] 未配置代理节点，跳过透明代理。
[2026-05-28 06:30:08] 未配置代理节点，跳过透明代理。
[2026-05-28 06:36:08] 未配置代理节点，跳过透明代理。
[2026-05-28 06:42:08] 未配置代理节点，跳过透明代理。
[2026-05-28 06:48:08] 未配置代理节点，跳过透明代理。
[2026-05-28 06:54:08] 未配置代理节点，跳过透明代理。
[2026-05-28 07:00:08] 未配置代理节点，跳过透明代理。
[2026-05-28 07:06:08] 未配置代理节点，跳过透明代理。
[2026-05-28 07:12:08] 未配置代理节点，跳过透明代理。
[2026-05-28 07:18:08] 未配置代理节点，跳过透明代理。
[2026-05-28 07:24:08] 未配置代理节点，跳过透明代理。
[2026-05-28 07:30:08] 未配置代理节点，跳过透明代理。
[2026-05-28 07:36:08] 未配置代理节点，跳过透明代理。
[2026-05-28 07:42:08] 未配置代理节点，跳过透明代理。
[2026-05-28 07:48:08] 未配置代理节点，跳过透明代理。
[2026-05-28 07:54:08] 未配置代理节点，跳过透明代理。
[2026-05-28 08:00:08] 未配置代理节点，跳过透明代理。
[2026-05-28 08:06:08] 未配置代理节点，跳过透明代理。
[2026-05-28 08:12:08] 未配置代理节点，跳过透明代理。
[2026-05-28 08:18:08] 未配置代理节点，跳过透明代理。
[2026-05-28 08:24:36] 未配置代理节点，跳过透明代理。
[2026-05-28 08:24:36] 回退触发：未配置代理节点
[2026-05-28 08:24:36] 关闭透明代理...
[2026-05-28 08:24:37] 未配置代理节点，跳过透明代理。
[2026-05-28 08:29:41] Google 连通性正常。
[2026-05-28 08:34:41] Google 连通性正常。
[2026-05-28 08:39:42] Google 连通性正常。
[2026-05-28 08:44:43] Google 连通性正常。
[2026-05-28 08:49:43] Google 连通性正常。
[2026-05-28 08:54:44] Google 连通性正常。
[2026-05-28 08:59:44] Google 连通性正常。
[2026-05-28 09:04:45] Google 连通性正常。
[2026-05-28 09:09:45] Google 连通性正常。
[2026-05-28 09:14:46] Google 连通性正常。
[2026-05-28 09:19:47] Google 连通性正常。
[2026-05-28 09:24:47] Google 连通性正常。
[2026-05-28 09:29:48] Google 连通性正常。
[2026-05-28 09:34:48] Google 连通性正常。
[2026-05-28 09:39:49] Google 连通性正常。
[2026-05-28 09:44:49] Google 连通性正常。
[2026-05-28 09:49:50] Google 连通性正常。
[2026-05-28 09:54:51] Google 连通性正常。
[2026-05-28 09:59:51] Google 连通性正常。
[2026-05-28 10:04:52] Google 连通性正常。
[2026-05-28 10:09:52] Google 连通性正常。
[2026-05-28 10:14:53] Google 连通性正常。
[2026-05-28 10:19:53] Google 连通性正常。
[2026-05-28 10:24:54] Google 连通性正常。
[2026-05-28 10:29:55] Google 连通性正常。
[2026-05-28 10:34:55] Google 连通性正常。
[2026-05-28 10:39:56] Google 连通性正常。
[2026-05-28 10:44:56] Google 连通性正常。
[2026-05-28 10:49:57] Google 连通性正常。
[2026-05-28 10:54:58] Google 连通性正常。
[2026-05-28 10:59:58] Google 连通性正常。
[2026-05-28 11:04:59] Google 连通性正常。
[2026-05-28 11:09:59] Google 连通性正常。
[2026-05-28 11:15:00] Google 连通性正常。
[2026-05-28 11:20:01] Google 连通性正常。
[2026-05-28 11:25:01] Google 连通性正常。
[2026-05-28 11:30:02] Google 连通性正常。
[2026-05-28 11:35:10] Google 连通性正常。
[2026-05-28 11:40:22] Google 连通性正常。
[2026-05-28 11:45:23] Google 连通性正常。
[2026-05-28 11:50:23] Google 连通性正常。
[2026-05-28 11:55:24] Google 连通性正常。
[2026-05-28 12:00:24] Google 连通性正常。
[2026-05-28 12:05:25] Google 连通性正常。
[2026-05-28 12:10:25] Google 连通性正常。
[2026-05-28 12:15:26] Google 连通性正常。
[2026-05-28 12:20:26] Google 连通性正常。
[2026-05-28 12:25:26] Google 连通性正常。
[2026-05-28 12:30:27] Google 连通性正常。
[2026-05-28 12:35:27] Google 连通性正常。
[2026-05-28 12:40:28] Google 连通性正常。
[2026-05-28 12:45:29] Google 连通性正常。
[2026-05-28 12:50:29] Google 连通性正常。
[2026-05-28 12:55:30] Google 连通性正常。
[2026-05-28 13:00:30] Google 连通性正常。
[2026-05-28 13:05:30] Google 连通性正常。
[2026-05-28 13:10:31] Google 连通性正常。
[2026-05-28 13:15:31] Google 连通性正常。
[2026-05-28 13:20:32] Google 连通性正常。
[2026-05-28 13:25:32] Google 连通性正常。
[2026-05-28 13:30:33] Google 连通性正常。
[2026-05-28 13:35:33] Google 连通性正常。
[2026-05-28 13:40:34] Google 连通性正常。
[2026-05-28 13:45:34] Google 连通性正常。
[2026-05-28 13:50:35] Google 连通性正常。
[2026-05-28 13:55:35] Google 连通性正常。
[2026-05-28 14:00:36] Google 连通性正常。
[2026-05-28 14:05:36] Google 连通性正常。
[2026-05-28 14:10:37] Google 连通性正常。
[2026-05-28 14:15:37] Google 连通性正常。
[2026-05-28 14:20:38] Google 连通性正常。
[2026-05-28 14:25:38] Google 连通性正常。
[2026-05-28 14:30:39] Google 连通性正常。
[2026-05-28 14:35:39] Google 连通性正常。
[2026-05-28 14:40:40] Google 连通性正常。
[2026-05-28 14:45:40] Google 连通性正常。
[2026-05-28 14:50:41] Google 连通性正常。
[2026-05-28 14:55:41] Google 连通性正常。
[2026-05-28 15:00:41] Google 连通性正常。
[2026-05-28 15:05:42] Google 连通性正常。
[2026-05-28 15:10:42] Google 连通性正常。
[2026-05-28 15:15:43] Google 连通性正常。
[2026-05-28 15:20:43] Google 连通性正常。
[2026-05-28 15:25:44] Google 连通性正常。
[2026-05-28 15:30:44] Google 连通性正常。
[2026-05-28 15:35:45] Google 连通性正常。
[2026-05-28 15:40:45] Google 连通性正常。
[2026-05-28 15:45:46] Google 连通性正常。
[2026-05-28 15:50:46] Google 连通性正常。
[2026-05-28 15:55:47] Google 连通性正常。
[2026-05-28 16:00:47] Google 连通性正常。
[2026-05-28 16:05:48] Google 连通性正常。
[2026-05-28 16:10:48] Google 连通性正常。
[2026-05-28 16:15:49] Google 连通性正常。
[2026-05-28 16:20:49] Google 连通性正常。
[2026-05-28 16:25:50] Google 连通性正常。
[2026-05-28 16:30:50] Google 连通性正常。
[2026-05-28 16:35:51] Google 连通性正常。
[2026-05-28 16:40:51] Google 连通性正常。
[2026-05-28 16:45:52] Google 连通性正常。
[2026-05-28 16:50:52] Google 连通性正常。
[2026-05-28 16:55:53] Google 连通性正常。
[2026-05-28 17:00:53] Google 连通性正常。
[2026-05-28 17:05:54] Google 连通性正常。
[2026-05-28 17:10:54] Google 连通性正常。
[2026-05-28 17:15:55] Google 连通性正常。
[2026-05-28 17:20:55] Google 连通性正常。
[2026-05-28 17:25:55] Google 连通性正常。
[2026-05-28 17:30:56] Google 连通性正常。
[2026-05-28 17:35:57] Google 连通性正常。
[2026-05-28 17:40:57] Google 连通性正常。
[2026-05-28 17:45:57] Google 连通性正常。
[2026-05-28 17:50:58] Google 连通性正常。
[2026-05-28 17:55:58] Google 连通性正常。
[2026-05-28 18:00:59] Google 连通性正常。
[2026-05-28 18:05:59] Google 连通性正常。
[2026-05-28 18:11:00] Google 连通性正常。
[2026-05-28 18:16:00] Google 连通性正常。
[2026-05-28 18:21:01] Google 连通性正常。
[2026-05-28 18:26:01] Google 连通性正常。
[2026-05-28 18:31:02] Google 连通性正常。
[2026-05-28 18:36:02] Google 连通性正常。
[2026-05-28 18:41:03] Google 连通性正常。
[2026-05-28 18:46:03] Google 连通性正常。
[2026-05-28 18:51:04] Google 连通性正常。
[2026-05-28 18:56:04] Google 连通性正常。
[2026-05-28 19:01:04] Google 连通性正常。
[2026-05-28 19:06:05] Google 连通性正常。
[2026-05-28 19:11:06] Google 连通性正常。
[2026-05-28 19:16:06] Google 连通性正常。
[2026-05-28 19:21:06] Google 连通性正常。
[2026-05-28 19:26:07] Google 连通性正常。
[2026-05-28 19:31:07] Google 连通性正常。
[2026-05-28 19:36:08] Google 连通性正常。
[2026-05-28 19:41:09] Google 连通性正常。
[2026-05-28 19:46:09] Google 连通性正常。
[2026-05-28 19:51:09] Google 连通性正常。
[2026-05-28 19:56:09] Google 连通性正常。
[2026-05-28 20:01:10] Google 连通性正常。
[2026-05-28 20:06:11] Google 连通性正常。
[2026-05-28 20:11:11] Google 连通性正常。
[2026-05-28 20:16:12] Google 连通性正常。
[2026-05-28 20:21:12] Google 连通性正常。
[2026-05-28 20:26:13] Google 连通性正常。
[2026-05-28 20:31:13] Google 连通性正常。
[2026-05-28 20:36:14] Google 连通性正常。
[2026-05-28 20:41:14] Google 连通性正常。
[2026-05-28 20:46:15] Google 连通性正常。
[2026-05-28 20:51:15] Google 连通性正常。
[2026-05-28 20:56:16] Google 连通性正常。
[2026-05-28 21:01:16] Google 连通性正常。
[2026-05-28 21:06:17] Google 连通性正常。
[2026-05-28 21:11:17] Google 连通性正常。
[2026-05-28 21:16:18] Google 连通性正常。
[2026-05-28 21:21:18] Google 连通性正常。
[2026-05-28 21:26:19] Google 连通性正常。
[2026-05-28 21:31:19] Google 连通性正常。
[2026-05-28 21:36:20] Google 连通性正常。
[2026-05-28 21:41:20] Google 连通性正常。
[2026-05-28 21:46:21] Google 连通性正常。
[2026-05-28 21:51:21] Google 连通性正常。
[2026-05-28 21:56:22] Google 连通性正常。
[2026-05-28 22:01:22] Google 连通性正常。
[2026-05-28 22:06:23] Google 连通性正常。
[2026-05-28 22:11:23] Google 连通性正常。
[2026-05-28 22:16:24] Google 连通性正常。
[2026-05-28 22:21:24] Google 连通性正常。
[2026-05-28 22:26:25] Google 连通性正常。
[2026-05-28 22:31:25] Google 连通性正常。
[2026-05-28 22:36:26] Google 连通性正常。
[2026-05-28 22:41:26] Google 连通性正常。
[2026-05-28 22:46:27] Google 连通性正常。
[2026-05-28 22:51:27] Google 连通性正常。
[2026-05-28 22:56:27] Google 连通性正常。
[2026-05-28 23:01:28] Google 连通性正常。
[2026-05-28 23:06:28] Google 连通性正常。
[2026-05-28 23:11:29] Google 连通性正常。
[2026-05-28 23:16:29] Google 连通性正常。
[2026-05-28 23:21:30] Google 连通性正常。
[2026-05-28 23:26:30] Google 连通性正常。
[2026-05-28 23:31:31] Google 连通性正常。
[2026-05-28 23:36:31] Google 连通性正常。
[2026-05-28 23:41:32] Google 连通性正常。
[2026-05-28 23:46:32] Google 连通性正常。
[2026-05-28 23:51:33] Google 连通性正常。
[2026-05-28 23:56:33] Google 连通性正常。
[2026-05-29 00:01:34] Google 连通性正常。
[2026-05-29 00:06:34] Google 连通性正常。
[2026-05-29 00:11:35] Google 连通性正常。
[2026-05-29 00:16:35] Google 连通性正常。
[2026-05-29 00:21:36] Google 连通性正常。
[2026-05-29 00:26:36] Google 连通性正常。
[2026-05-29 00:31:37] Google 连通性正常。
[2026-05-29 00:36:37] Google 连通性正常。
[2026-05-29 00:41:38] Google 连通性正常。
[2026-05-29 00:46:38] Google 连通性正常。
[2026-05-29 00:51:39] Google 连通性正常。
[2026-05-29 00:56:39] Google 连通性正常。
[2026-05-29 01:01:40] Google 连通性正常。
[2026-05-29 01:06:40] Google 连通性正常。
[2026-05-29 01:11:41] Google 连通性正常。
[2026-05-29 01:16:41] Google 连通性正常。
[2026-05-29 01:21:42] Google 连通性正常。
[2026-05-29 01:26:42] Google 连通性正常。
[2026-05-29 01:31:42] Google 连通性正常。
[2026-05-29 01:36:43] Google 连通性正常。
[2026-05-29 01:41:43] Google 连通性正常。
[2026-05-29 01:46:44] Google 连通性正常。
[2026-05-29 01:51:45] Google 连通性正常。
[2026-05-29 01:56:45] Google 连通性正常。
[2026-05-29 02:01:46] Google 连通性正常。
[2026-05-29 02:06:46] Google 连通性正常。
[2026-05-29 02:11:47] Google 连通性正常。
[2026-05-29 02:16:47] Google 连通性正常。
[2026-05-29 02:21:48] Google 连通性正常。
[2026-05-29 02:26:48] Google 连通性正常。
[2026-05-29 02:31:48] Google 连通性正常。
[2026-05-29 02:36:49] Google 连通性正常。
[2026-05-29 02:41:49] Google 连通性正常。
[2026-05-29 02:46:50] Google 连通性正常。
[2026-05-29 02:51:50] Google 连通性正常。
[2026-05-29 02:56:51] Google 连通性正常。
[2026-05-29 03:01:51] Google 连通性正常。
[2026-05-29 03:06:52] Google 连通性正常。
[2026-05-29 03:11:52] Google 连通性正常。
[2026-05-29 03:16:53] Google 连通性正常。
[2026-05-29 03:21:53] Google 连通性正常。
[2026-05-29 03:26:54] Google 连通性正常。
[2026-05-29 03:31:54] Google 连通性正常。
[2026-05-29 03:36:55] Google 连通性正常。
[2026-05-29 03:41:55] Google 连通性正常。
[2026-05-29 03:46:56] Google 连通性正常。
[2026-05-29 03:51:56] Google 连通性正常。
[2026-05-29 03:56:57] Google 连通性正常。
[2026-05-29 04:01:57] Google 连通性正常。
[2026-05-29 04:06:58] Google 连通性正常。
[2026-05-29 04:11:58] Google 连通性正常。
[2026-05-29 04:16:59] Google 连通性正常。
[2026-05-29 04:21:59] Google 连通性正常。
[2026-05-29 04:27:00] Google 连通性正常。
[2026-05-29 04:32:00] Google 连通性正常。
[2026-05-29 04:37:01] Google 连通性正常。
[2026-05-29 04:42:01] Google 连通性正常。
[2026-05-29 04:47:02] Google 连通性正常。
[2026-05-29 04:52:02] Google 连通性正常。
[2026-05-29 04:57:03] Google 连通性正常。
[2026-05-29 05:02:03] Google 连通性正常。
[2026-05-29 05:07:04] Google 连通性正常。
[2026-05-29 05:12:04] Google 连通性正常。
[2026-05-29 05:17:05] Google 连通性正常。
[2026-05-29 05:22:05] Google 连通性正常。
[2026-05-29 05:27:06] Google 连通性正常。
[2026-05-29 05:32:06] Google 连通性正常。
[2026-05-29 05:37:07] Google 连通性正常。
[2026-05-29 05:42:07] Google 连通性正常。
[2026-05-29 05:47:08] Google 连通性正常。
[2026-05-29 05:52:08] Google 连通性正常。
[2026-05-29 05:57:09] Google 连通性正常。
[2026-05-29 06:01:19] Google 连通性正常。
[2026-05-29 06:06:20] Google 连通性正常。
[2026-05-29 06:11:20] Google 连通性正常。
[2026-05-29 06:16:20] Google 连通性正常。
[2026-05-29 06:21:21] Google 连通性正常。
[2026-05-29 06:26:21] Google 连通性正常。
[2026-05-29 06:31:22] Google 连通性正常。
[2026-05-29 06:36:22] Google 连通性正常。
[2026-05-29 06:41:23] Google 连通性正常。
[2026-05-29 06:46:23] Google 连通性正常。
[2026-05-29 06:51:24] Google 连通性正常。
[2026-05-29 06:56:24] Google 连通性正常。
[2026-05-29 07:01:25] Google 连通性正常。
[2026-05-29 07:06:25] Google 连通性正常。
[2026-05-29 07:11:26] Google 连通性正常。
[2026-05-29 07:16:26] Google 连通性正常。
[2026-05-29 07:21:27] Google 连通性正常。
[2026-05-29 07:26:27] Google 连通性正常。
[2026-05-29 07:31:28] Google 连通性正常。
[2026-05-29 07:36:28] Google 连通性正常。
[2026-05-29 07:41:29] Google 连通性正常。
[2026-05-29 07:46:29] Google 连通性正常。
[2026-05-29 07:51:30] Google 连通性正常。
[2026-05-29 07:56:30] Google 连通性正常。
[2026-05-29 08:01:31] Google 连通性正常。
[2026-05-29 08:06:31] Google 连通性正常。
[2026-05-29 08:11:32] Google 连通性正常。
[2026-05-29 08:16:32] Google 连通性正常。
[2026-05-29 08:21:33] Google 连通性正常。
[2026-05-29 08:26:33] Google 连通性正常。
[2026-05-29 08:31:34] Google 连通性正常。
[2026-05-29 08:36:34] Google 连通性正常。
[2026-05-29 08:41:35] Google 连通性正常。
[2026-05-29 08:46:35] Google 连通性正常。
[2026-05-29 08:51:36] Google 连通性正常。
[2026-05-29 08:56:36] Google 连通性正常。
[2026-05-29 09:01:37] Google 连通性正常。
[2026-05-29 09:06:38] Google 连通性正常。
[2026-05-29 09:11:38] Google 连通性正常。
[2026-05-29 09:16:39] Google 连通性正常。
[2026-05-29 09:21:39] Google 连通性正常。
[2026-05-29 09:26:40] Google 连通性正常。
[2026-05-29 09:31:40] Google 连通性正常。
[2026-05-29 09:36:41] Google 连通性正常。
[2026-05-29 09:41:41] Google 连通性正常。
[2026-05-29 09:46:42] Google 连通性正常。
[2026-05-29 09:51:42] Google 连通性正常。
[2026-05-29 09:56:43] Google 连通性正常。
[2026-05-29 10:01:43] Google 连通性正常。
[2026-05-29 10:06:44] Google 连通性正常。
[2026-05-29 10:11:44] Google 连通性正常。
[2026-05-29 10:16:45] Google 连通性正常。
[2026-05-29 10:21:45] Google 连通性正常。
[2026-05-29 10:26:46] Google 连通性正常。
[2026-05-29 10:31:46] Google 连通性正常。
[2026-05-29 10:36:47] Google 连通性正常。
[2026-05-29 10:41:48] Google 连通性正常。
[2026-05-29 10:46:48] Google 连通性正常。
[2026-05-29 10:51:49] Google 连通性正常。
[2026-05-29 10:56:49] Google 连通性正常。
[2026-05-29 11:01:50] Google 连通性正常。
[2026-05-29 11:06:50] Google 连通性正常。
[2026-05-29 11:11:51] Google 连通性正常。
[2026-05-29 11:16:51] Google 连通性正常。
[2026-05-29 11:21:52] Google 连通性正常。
[2026-05-29 11:26:52] Google 连通性正常。
[2026-05-29 11:31:53] Google 连通性正常。
[2026-05-29 11:36:53] Google 连通性正常。
[2026-05-29 11:41:54] Google 连通性正常。
[2026-05-29 11:46:54] Google 连通性正常。
[2026-05-29 11:51:55] Google 连通性正常。
[2026-05-29 11:56:55] Google 连通性正常。
[2026-05-29 12:01:56] Google 连通性正常。
[2026-05-29 12:06:56] Google 连通性正常。
[2026-05-29 12:11:57] Google 连通性正常。
[2026-05-29 12:16:57] Google 连通性正常。
[2026-05-29 12:21:58] Google 连通性正常。
[2026-05-29 12:26:58] Google 连通性正常。
[2026-05-29 12:31:59] Google 连通性正常。
[2026-05-29 12:36:59] Google 连通性正常。
[2026-05-29 12:42:00] Google 连通性正常。
[2026-05-29 12:47:00] Google 连通性正常。
[2026-05-29 12:52:01] Google 连通性正常。
[2026-05-29 12:57:01] Google 连通性正常。
[2026-05-29 13:02:02] Google 连通性正常。
[2026-05-29 13:07:02] Google 连通性正常。
[2026-05-29 13:12:03] Google 连通性正常。
[2026-05-29 13:17:03] Google 连通性正常。
[2026-05-29 13:22:04] Google 连通性正常。
[2026-05-29 13:27:04] Google 连通性正常。
[2026-05-29 13:32:05] Google 连通性正常。
[2026-05-29 13:37:05] Google 连通性正常。
[2026-05-29 13:42:06] Google 连通性正常。
[2026-05-29 13:47:06] Google 连通性正常。
[2026-05-29 13:52:07] Google 连通性正常。
[2026-05-29 13:57:07] Google 连通性正常。
[2026-05-29 14:02:08] Google 连通性正常。
[2026-05-29 14:07:08] Google 连通性正常。
[2026-05-29 14:12:09] Google 连通性正常。
[2026-05-29 14:17:09] Google 连通性正常。
[2026-05-29 14:22:10] Google 连通性正常。
[2026-05-29 14:27:10] Google 连通性正常。
[2026-05-29 14:32:11] Google 连通性正常。
[2026-05-29 14:37:11] Google 连通性正常。
[2026-05-29 14:42:12] Google 连通性正常。
[2026-05-29 14:47:12] Google 连通性正常。
[2026-05-29 14:52:13] Google 连通性正常。
[2026-05-29 14:57:13] Google 连通性正常。
[2026-05-29 15:02:14] Google 连通性正常。
[2026-05-29 15:07:14] Google 连通性正常。
[2026-05-29 15:12:15] Google 连通性正常。
[2026-05-29 15:17:16] Google 连通性正常。
[2026-05-29 15:22:16] Google 连通性正常。
[2026-05-29 15:27:17] Google 连通性正常。
[2026-05-29 15:32:17] Google 连通性正常。
[2026-05-29 15:37:18] Google 连通性正常。
[2026-05-29 15:42:18] Google 连通性正常。
[2026-05-29 15:47:19] Google 连通性正常。
[2026-05-29 15:52:20] Google 连通性正常。
[2026-05-29 15:57:20] Google 连通性正常。
[2026-05-29 16:02:21] Google 连通性正常。
[2026-05-29 16:07:21] Google 连通性正常。
[2026-05-29 16:12:22] Google 连通性正常。
[2026-05-29 16:17:22] Google 连通性正常。
[2026-05-29 16:22:23] Google 连通性正常。
[2026-05-29 16:27:23] 未配置代理节点，跳过透明代理。
[2026-05-29 16:27:23] 回退触发：未配置代理节点
[2026-05-29 16:27:23] 关闭透明代理...
[2026-05-29 16:32:24] 未配置代理节点，跳过透明代理。
[2026-05-29 16:37:24] Google 连通性正常。
[2026-05-29 16:42:25] 未配置代理节点，跳过透明代理。
[2026-05-29 16:47:25] 未配置代理节点，跳过透明代理。
[2026-05-29 16:52:26] 未配置代理节点，跳过透明代理。
[2026-05-29 16:57:26] 未配置代理节点，跳过透明代理。
[2026-05-29 17:02:27] 未配置代理节点，跳过透明代理。
[2026-05-29 17:07:28] Google 连通性正常。
[2026-05-29 17:12:31] Google 连通性失败。
[2026-05-29 17:12:31] 回退触发：Google 不可达
[2026-05-29 17:12:31] 关闭透明代理...
[2026-05-29 17:17:38] Google 连通性失败。
[2026-05-29 17:17:38] 透明代理未启用，无需操作。
[2026-05-29 17:22:39] Google 连通性失败。
[2026-05-29 17:22:39] 透明代理未启用，无需操作。
[2026-05-29 17:27:39] Google 连通性失败。
[2026-05-29 17:27:39] 透明代理未启用，无需操作。
[2026-05-29 17:32:30] Google 连通性正常。
[2026-05-29 17:32:30] 连通性恢复，重新启用透明代理...
[2026-05-29 17:37:30] Google 连通性正常。
[2026-05-29 17:37:30] 连通性恢复，重新启用透明代理...
[2026-05-29 17:42:34] Google 连通性失败。
[2026-05-29 17:42:34] 透明代理未启用，无需操作。
[2026-05-29 17:47:06] Google 连通性失败。
[2026-05-29 17:47:06] 透明代理未启用，无需操作。
[2026-05-29 17:52:07] Google 连通性失败。
[2026-05-29 17:52:07] 透明代理未启用，无需操作。
[2026-05-29 17:57:07] Google 连通性失败。
[2026-05-29 17:57:07] 透明代理未启用，无需操作。
[2026-05-29 18:01:58] Google 连通性正常。
[2026-05-29 18:06:58] Google 连通性正常。
[2026-05-29 18:11:59] Google 连通性正常。
[2026-05-29 18:16:59] 未配置代理节点，跳过透明代理。
[2026-05-29 18:22:00] Google 连通性正常。
[2026-05-29 18:22:00] 连通性恢复，重新启用透明代理...
